{"/Users/webb1926/Development/oneboilerplate/redbox.config.js":{"path":"/Users/webb1926/Development/oneboilerplate/redbox.config.js","s":{"1":1},"b":{},"f":{},"fnMap":{},"statementMap":{"1":{"end":{"line":1,"column":-15},"start":{"line":1,"column":-15}}},"branchMap":{}},"/Users/webb1926/Development/oneboilerplate/server.js":{"path":"/Users/webb1926/Development/oneboilerplate/server.js","s":{"1":1,"2":1,"3":1,"4":1,"5":1,"6":1,"7":1,"8":1,"9":1,"10":1,"11":1,"12":0,"13":0,"14":0,"15":0,"16":1,"17":1,"18":0,"19":0,"20":0,"21":0,"22":0,"23":1,"24":0,"25":0,"26":1,"27":1,"28":1,"29":1,"30":1,"31":1},"b":{"1":[0,0]},"f":{"1":0,"2":0,"3":0,"4":1},"fnMap":{"1":{"line":32,"loc":{"start":{"line":30,"column":22},"end":{"line":30,"column":31}},"name":"build_console"},"2":{"line":46,"loc":{"start":{"line":46,"column":18},"end":{"line":46,"column":38}},"name":"renderIndex"},"3":{"line":56,"loc":{"start":{"line":57,"column":22},"end":{"line":57,"column":42}},"name":"logMiddleware"},"4":{"line":63,"loc":{"start":{"line":64,"column":32},"end":{"line":64,"column":38}},"name":"(anonymous_4)"}},"statementMap":{"1":{"end":{"line":2,"column":6},"start":{"line":2,"column":0}},"2":{"end":{"line":5,"column":6},"start":{"line":5,"column":0}},"3":{"end":{"line":6,"column":6},"start":{"line":6,"column":0}},"4":{"end":{"line":7,"column":6},"start":{"line":7,"column":0}},"5":{"end":{"line":8,"column":6},"start":{"line":8,"column":0}},"6":{"end":{"line":10,"column":6},"start":{"line":10,"column":0}},"7":{"end":{"line":11,"column":6},"start":{"line":11,"column":0}},"8":{"end":{"line":14,"column":6},"start":{"line":14,"column":0}},"9":{"end":{"line":18,"column":4},"start":{"line":18,"column":0}},"10":{"end":{"line":19,"column":0},"start":{"line":19,"column":0}},"11":{"end":{"line":30,"column":22},"start":{"line":30,"column":0}},"12":{"end":{"line":30,"column":31},"start":{"line":31,"column":1}},"13":{"end":{"line":32,"column":1},"start":{"line":32,"column":1}},"14":{"end":{"line":32,"column":1},"start":{"line":33,"column":2}},"15":{"end":{"line":30,"column":31},"start":{"line":35,"column":1}},"16":{"end":{"line":38,"column":0},"start":{"line":38,"column":0}},"17":{"end":{"line":46,"column":18},"start":{"line":46,"column":0}},"18":{"end":{"line":50,"column":1},"start":{"line":47,"column":1}},"19":{"end":{"line":47,"column":4},"start":{"line":48,"column":2}},"20":{"end":{"line":50,"column":11},"start":{"line":51,"column":2}},"21":{"end":{"line":50,"column":11},"start":{"line":52,"column":2}},"22":{"end":{"line":46,"column":38},"start":{"line":54,"column":1}},"23":{"end":{"line":57,"column":22},"start":{"line":57,"column":0}},"24":{"end":{"line":57,"column":42},"start":{"line":58,"column":1}},"25":{"end":{"line":57,"column":42},"start":{"line":59,"column":1}},"26":{"end":{"line":61,"column":0},"start":{"line":61,"column":0}},"27":{"end":{"line":64,"column":6},"start":{"line":64,"column":0}},"28":{"end":{"line":64,"column":38},"start":{"line":65,"column":2}},"29":{"end":{"line":64,"column":38},"start":{"line":66,"column":2}},"30":{"end":{"line":64,"column":38},"start":{"line":67,"column":2}},"31":{"end":{"line":64,"column":38},"start":{"line":68,"column":2}}},"branchMap":{"1":{"line":34,"type":"if","locations":[{"end":{"line":32,"column":1},"start":{"line":32,"column":1}},{"end":{"line":32,"column":1},"start":{"line":32,"column":1}}]}}},"/Users/webb1926/Development/oneboilerplate/webpack.config.js":{"path":"/Users/webb1926/Development/oneboilerplate/webpack.config.js","s":{"1":1,"2":1,"3":1,"4":1},"b":{},"f":{},"fnMap":{},"statementMap":{"1":{"end":{"line":1,"column":-9},"start":{"line":1,"column":-15}},"2":{"end":{"line":2,"column":6},"start":{"line":2,"column":0}},"3":{"end":{"line":3,"column":6},"start":{"line":3,"column":0}},"4":{"end":{"line":54,"column":0},"start":{"line":54,"column":0}}},"branchMap":{}},"/Users/webb1926/Development/oneboilerplate/src/app/components/Main/index.js":{"path":"/Users/webb1926/Development/oneboilerplate/src/app/components/Main/index.js","s":{"1":1,"2":1,"3":1,"4":1,"5":1,"6":1,"7":1,"8":1,"9":1,"10":1,"11":1,"12":1,"13":1,"14":0,"15":1,"16":1,"17":1,"18":1,"19":1,"20":1,"21":1,"22":1,"23":1,"24":0,"25":1,"26":1,"27":0,"28":1,"29":1,"30":1,"31":0,"32":1,"33":1,"34":1,"35":1,"36":0,"37":1,"38":1,"39":1,"40":1,"41":1,"42":1,"43":0,"44":1,"45":1,"46":1,"47":1,"48":1,"49":1},"b":{"1":[1,1],"2":[1,0],"3":[1,0],"4":[0,1],"5":[0,1],"6":[1,1],"7":[0,1],"8":[0,1],"9":[0,1],"10":[1,0,0],"11":[0,1],"12":[1,0],"13":[1,1],"14":[1,0],"15":[1,0]},"f":{"1":1,"2":1,"3":1,"4":1,"5":1,"6":1,"7":1,"8":0,"9":1,"10":1,"11":0,"12":1},"fnMap":{"1":{"line":3,"loc":{"start":{"line":0,"column":0},"end":{"line":0,"column":0},"skip":true},"name":"(anonymous_1)","skip":true},"2":{"line":3,"loc":{"start":{"line":0,"column":0},"end":{"line":0,"column":0},"skip":true},"name":"defineProperties","skip":true},"3":{"line":3,"loc":{"start":{"line":0,"column":0},"end":{"line":0,"column":0},"skip":true},"name":"(anonymous_3)","skip":true},"4":{"line":15,"loc":{"start":{"line":0,"column":0},"end":{"line":0,"column":0},"skip":true},"name":"_interopRequireDefault","skip":true},"5":{"line":17,"loc":{"start":{"line":0,"column":0},"end":{"line":0,"column":0},"skip":true},"name":"_classCallCheck","skip":true},"6":{"line":19,"loc":{"start":{"line":0,"column":0},"end":{"line":0,"column":0},"skip":true},"name":"_possibleConstructorReturn","skip":true},"7":{"line":21,"loc":{"start":{"line":0,"column":0},"end":{"line":0,"column":0},"skip":true},"name":"_inherits","skip":true},"8":{"line":25,"loc":{"start":{"line":5,"column":13},"end":{"line":5,"column":19}},"name":"Root"},"9":{"line":44,"loc":{"start":{"line":14,"column":21},"end":{"line":14,"column":21}},"name":"(anonymous_9)"},"10":{"line":47,"loc":{"start":{"line":15,"column":1},"end":{"line":15,"column":19}},"name":"Hello"},"11":{"line":52,"loc":{"start":{"line":19,"column":9},"end":{"line":19,"column":15}},"name":"(anonymous_11)"},"12":{"line":62,"loc":{"start":{"line":0,"column":0},"end":{"line":0,"column":0},"skip":true},"name":"render","skip":true}},"statementMap":{"1":{"start":{"line":0,"column":0},"end":{"line":0,"column":0},"skip":true},"2":{"start":{"line":0,"column":0},"end":{"line":0,"column":0},"skip":true},"3":{"start":{"line":0,"column":0},"end":{"line":0,"column":0},"skip":true},"4":{"start":{"line":0,"column":0},"end":{"line":0,"column":0},"skip":true},"5":{"start":{"line":0,"column":0},"end":{"line":0,"column":0},"skip":true},"6":{"start":{"line":0,"column":0},"end":{"line":0,"column":0},"skip":true},"7":{"start":{"line":0,"column":0},"end":{"line":0,"column":0},"skip":true},"8":{"start":{"line":0,"column":0},"end":{"line":0,"column":0},"skip":true},"9":{"start":{"line":0,"column":0},"end":{"line":0,"column":0},"skip":true},"10":{"start":{"line":0,"column":0},"end":{"line":0,"column":0},"skip":true},"11":{"start":{"line":0,"column":0},"end":{"line":0,"column":0},"skip":true},"12":{"start":{"line":0,"column":0},"end":{"line":0,"column":0},"skip":true},"13":{"start":{"line":0,"column":0},"end":{"line":0,"column":0},"skip":true},"14":{"start":{"line":0,"column":0},"end":{"line":0,"column":0},"skip":true},"15":{"start":{"line":0,"column":0},"end":{"line":0,"column":0},"skip":true},"16":{"start":{"line":0,"column":0},"end":{"line":0,"column":0},"skip":true},"17":{"start":{"line":0,"column":0},"end":{"line":0,"column":0},"skip":true},"18":{"start":{"line":0,"column":0},"end":{"line":0,"column":0},"skip":true},"19":{"start":{"line":0,"column":0},"end":{"line":0,"column":0},"skip":true},"20":{"start":{"line":0,"column":0},"end":{"line":0,"column":0},"skip":true},"21":{"start":{"line":0,"column":0},"end":{"line":0,"column":0},"skip":true},"22":{"start":{"line":0,"column":0},"end":{"line":0,"column":0},"skip":true},"23":{"start":{"line":0,"column":0},"end":{"line":0,"column":0},"skip":true},"24":{"start":{"line":0,"column":0},"end":{"line":0,"column":0},"skip":true},"25":{"start":{"line":0,"column":0},"end":{"line":0,"column":0},"skip":true},"26":{"start":{"line":0,"column":0},"end":{"line":0,"column":0},"skip":true},"27":{"start":{"line":0,"column":0},"end":{"line":0,"column":0},"skip":true},"28":{"start":{"line":0,"column":0},"end":{"line":0,"column":0},"skip":true},"29":{"start":{"line":0,"column":0},"end":{"line":0,"column":0},"skip":true},"30":{"start":{"line":0,"column":0},"end":{"line":0,"column":0},"skip":true},"31":{"start":{"line":0,"column":0},"end":{"line":0,"column":0},"skip":true},"32":{"start":{"line":0,"column":0},"end":{"line":0,"column":0},"skip":true},"33":{"start":{"line":0,"column":0},"end":{"line":0,"column":0},"skip":true},"34":{"start":{"line":0,"column":0},"end":{"line":0,"column":0},"skip":true},"35":{"end":{"line":5,"column":13},"start":{"line":5,"column":0}},"36":{"end":{"line":5,"column":19},"start":{"line":6,"column":2}},"37":{"start":{"line":0,"column":0},"end":{"line":0,"column":0},"skip":true},"38":{"start":{"line":0,"column":0},"end":{"line":0,"column":0},"skip":true},"39":{"end":{"line":15,"column":1},"start":{"line":15,"column":1}},"40":{"start":{"line":0,"column":0},"end":{"line":0,"column":0},"skip":true},"41":{"start":{"line":0,"column":0},"end":{"line":0,"column":0},"skip":true},"42":{"start":{"line":0,"column":0},"end":{"line":0,"column":0},"skip":true},"43":{"end":{"line":19,"column":15},"start":{"line":20,"column":2}},"44":{"end":{"line":15,"column":19},"start":{"line":17,"column":2}},"45":{"start":{"line":0,"column":0},"end":{"line":0,"column":0},"skip":true},"46":{"start":{"line":0,"column":0},"end":{"line":0,"column":0},"skip":true},"47":{"end":{"line":22,"column":11},"start":{"line":23,"column":2}},"48":{"start":{"line":0,"column":0},"end":{"line":0,"column":0},"skip":true},"49":{"start":{"line":0,"column":0},"end":{"line":0,"column":0},"skip":true}},"branchMap":{"1":{"line":3,"type":"binary-expr","locations":[{"start":{"line":0,"column":0},"end":{"line":0,"column":0},"skip":true},{"start":{"line":0,"column":0},"end":{"line":0,"column":0},"skip":true}]},"2":{"line":3,"type":"if","locations":[{"start":{"line":0,"column":0},"end":{"line":0,"column":0},"skip":true},{"start":{"line":0,"column":0},"end":{"line":0,"column":0},"skip":true}]},"3":{"line":3,"type":"if","locations":[{"start":{"line":0,"column":0},"end":{"line":0,"column":0},"skip":true},{"start":{"line":0,"column":0},"end":{"line":0,"column":0},"skip":true}]},"4":{"line":3,"type":"if","locations":[{"start":{"line":0,"column":0},"end":{"line":0,"column":0},"skip":true},{"start":{"line":0,"column":0},"end":{"line":0,"column":0},"skip":true}]},"5":{"line":15,"type":"cond-expr","locations":[{"start":{"line":0,"column":0},"end":{"line":0,"column":0},"skip":true},{"start":{"line":0,"column":0},"end":{"line":0,"column":0},"skip":true}]},"6":{"line":15,"type":"binary-expr","locations":[{"start":{"line":0,"column":0},"end":{"line":0,"column":0},"skip":true},{"start":{"line":0,"column":0},"end":{"line":0,"column":0},"skip":true}]},"7":{"line":17,"type":"if","locations":[{"start":{"line":0,"column":0},"end":{"line":0,"column":0},"skip":true},{"start":{"line":0,"column":0},"end":{"line":0,"column":0},"skip":true}]},"8":{"line":19,"type":"if","locations":[{"start":{"line":0,"column":0},"end":{"line":0,"column":0},"skip":true},{"start":{"line":0,"column":0},"end":{"line":0,"column":0},"skip":true}]},"9":{"line":19,"type":"cond-expr","locations":[{"start":{"line":0,"column":0},"end":{"line":0,"column":0},"skip":true},{"start":{"line":0,"column":0},"end":{"line":0,"column":0},"skip":true}]},"10":{"line":19,"type":"binary-expr","locations":[{"start":{"line":0,"column":0},"end":{"line":0,"column":0},"skip":true},{"start":{"line":0,"column":0},"end":{"line":0,"column":0},"skip":true},{"start":{"line":0,"column":0},"end":{"line":0,"column":0},"skip":true}]},"11":{"line":21,"type":"if","locations":[{"start":{"line":0,"column":0},"end":{"line":0,"column":0},"skip":true},{"start":{"line":0,"column":0},"end":{"line":0,"column":0},"skip":true}]},"12":{"line":21,"type":"binary-expr","locations":[{"start":{"line":0,"column":0},"end":{"line":0,"column":0},"skip":true},{"start":{"line":0,"column":0},"end":{"line":0,"column":0},"skip":true}]},"13":{"line":21,"type":"binary-expr","locations":[{"start":{"line":0,"column":0},"end":{"line":0,"column":0},"skip":true},{"start":{"line":0,"column":0},"end":{"line":0,"column":0},"skip":true}]},"14":{"line":21,"type":"if","locations":[{"start":{"line":0,"column":0},"end":{"line":0,"column":0},"skip":true},{"start":{"line":0,"column":0},"end":{"line":0,"column":0},"skip":true}]},"15":{"line":21,"type":"cond-expr","locations":[{"start":{"line":0,"column":0},"end":{"line":0,"column":0},"skip":true},{"start":{"line":0,"column":0},"end":{"line":0,"column":0},"skip":true}]}}},"/Users/webb1926/Development/oneboilerplate/src/app/index.js":{"path":"/Users/webb1926/Development/oneboilerplate/src/app/index.js","s":{"1":1,"2":1,"3":1,"4":1,"5":1,"6":1,"7":1,"8":1,"9":1,"10":1,"11":1,"12":1,"13":1,"14":0,"15":1,"16":1,"17":1,"18":1,"19":1,"20":1,"21":1,"22":1,"23":2,"24":1,"25":0,"26":0,"27":1,"28":0,"29":0,"30":0,"31":1,"32":1,"33":0,"34":1,"35":1,"36":1,"37":1,"38":0,"39":1,"40":1,"41":1,"42":0,"43":0,"44":1,"45":0,"46":1,"47":1,"48":1,"49":0},"b":{"1":[1,1],"2":[1,0],"3":[1,0],"4":[0,1],"5":[1,1],"6":[2,2],"7":[0,0],"8":[0,0],"9":[0,0],"10":[0,0,0],"11":[0,1],"12":[1,0],"13":[1,1],"14":[1,0],"15":[1,0]},"f":{"1":1,"2":1,"3":1,"4":2,"5":0,"6":0,"7":1,"8":0,"9":1,"10":0,"11":0},"fnMap":{"1":{"line":3,"loc":{"start":{"line":0,"column":0},"end":{"line":0,"column":0},"skip":true},"name":"(anonymous_1)","skip":true},"2":{"line":3,"loc":{"start":{"line":0,"column":0},"end":{"line":0,"column":0},"skip":true},"name":"defineProperties","skip":true},"3":{"line":3,"loc":{"start":{"line":0,"column":0},"end":{"line":0,"column":0},"skip":true},"name":"(anonymous_3)","skip":true},"4":{"line":19,"loc":{"start":{"line":0,"column":0},"end":{"line":0,"column":0},"skip":true},"name":"_interopRequireDefault","skip":true},"5":{"line":21,"loc":{"start":{"line":0,"column":0},"end":{"line":0,"column":0},"skip":true},"name":"_classCallCheck","skip":true},"6":{"line":23,"loc":{"start":{"line":0,"column":0},"end":{"line":0,"column":0},"skip":true},"name":"_possibleConstructorReturn","skip":true},"7":{"line":25,"loc":{"start":{"line":0,"column":0},"end":{"line":0,"column":0},"skip":true},"name":"_inherits","skip":true},"8":{"line":29,"loc":{"start":{"line":6,"column":13},"end":{"line":6,"column":19}},"name":"Root"},"9":{"line":48,"loc":{"start":{"line":15,"column":21},"end":{"line":15,"column":21}},"name":"(anonymous_9)"},"10":{"line":51,"loc":{"start":{"line":16,"column":1},"end":{"line":16,"column":19}},"name":"Index"},"11":{"line":59,"loc":{"start":{"line":0,"column":0},"end":{"line":0,"column":0},"skip":true},"name":"render","skip":true}},"statementMap":{"1":{"start":{"line":0,"column":0},"end":{"line":0,"column":0},"skip":true},"2":{"start":{"line":0,"column":0},"end":{"line":0,"column":0},"skip":true},"3":{"start":{"line":0,"column":0},"end":{"line":0,"column":0},"skip":true},"4":{"start":{"line":0,"column":0},"end":{"line":0,"column":0},"skip":true},"5":{"start":{"line":0,"column":0},"end":{"line":0,"column":0},"skip":true},"6":{"start":{"line":0,"column":0},"end":{"line":0,"column":0},"skip":true},"7":{"start":{"line":0,"column":0},"end":{"line":0,"column":0},"skip":true},"8":{"start":{"line":0,"column":0},"end":{"line":0,"column":0},"skip":true},"9":{"start":{"line":0,"column":0},"end":{"line":0,"column":0},"skip":true},"10":{"start":{"line":0,"column":0},"end":{"line":0,"column":0},"skip":true},"11":{"start":{"line":0,"column":0},"end":{"line":0,"column":0},"skip":true},"12":{"start":{"line":0,"column":0},"end":{"line":0,"column":0},"skip":true},"13":{"start":{"line":0,"column":0},"end":{"line":0,"column":0},"skip":true},"14":{"start":{"line":0,"column":0},"end":{"line":0,"column":0},"skip":true},"15":{"start":{"line":0,"column":0},"end":{"line":0,"column":0},"skip":true},"16":{"start":{"line":0,"column":0},"end":{"line":0,"column":0},"skip":true},"17":{"start":{"line":0,"column":0},"end":{"line":0,"column":0},"skip":true},"18":{"start":{"line":0,"column":0},"end":{"line":0,"column":0},"skip":true},"19":{"start":{"line":0,"column":0},"end":{"line":0,"column":0},"skip":true},"20":{"start":{"line":0,"column":0},"end":{"line":0,"column":0},"skip":true},"21":{"start":{"line":0,"column":0},"end":{"line":0,"column":0},"skip":true},"22":{"start":{"line":0,"column":0},"end":{"line":0,"column":0},"skip":true},"23":{"start":{"line":0,"column":0},"end":{"line":0,"column":0},"skip":true},"24":{"start":{"line":0,"column":0},"end":{"line":0,"column":0},"skip":true},"25":{"start":{"line":0,"column":0},"end":{"line":0,"column":0},"skip":true},"26":{"start":{"line":0,"column":0},"end":{"line":0,"column":0},"skip":true},"27":{"start":{"line":0,"column":0},"end":{"line":0,"column":0},"skip":true},"28":{"start":{"line":0,"column":0},"end":{"line":0,"column":0},"skip":true},"29":{"start":{"line":0,"column":0},"end":{"line":0,"column":0},"skip":true},"30":{"start":{"line":0,"column":0},"end":{"line":0,"column":0},"skip":true},"31":{"start":{"line":0,"column":0},"end":{"line":0,"column":0},"skip":true},"32":{"start":{"line":0,"column":0},"end":{"line":0,"column":0},"skip":true},"33":{"start":{"line":0,"column":0},"end":{"line":0,"column":0},"skip":true},"34":{"start":{"line":0,"column":0},"end":{"line":0,"column":0},"skip":true},"35":{"start":{"line":0,"column":0},"end":{"line":0,"column":0},"skip":true},"36":{"start":{"line":0,"column":0},"end":{"line":0,"column":0},"skip":true},"37":{"end":{"line":6,"column":13},"start":{"line":6,"column":0}},"38":{"end":{"line":6,"column":19},"start":{"line":7,"column":2}},"39":{"start":{"line":0,"column":0},"end":{"line":0,"column":0},"skip":true},"40":{"start":{"line":0,"column":0},"end":{"line":0,"column":0},"skip":true},"41":{"end":{"line":16,"column":1},"start":{"line":16,"column":1}},"42":{"start":{"line":0,"column":0},"end":{"line":0,"column":0},"skip":true},"43":{"start":{"line":0,"column":0},"end":{"line":0,"column":0},"skip":true},"44":{"start":{"line":0,"column":0},"end":{"line":0,"column":0},"skip":true},"45":{"end":{"line":19,"column":11},"start":{"line":20,"column":2}},"46":{"start":{"line":0,"column":0},"end":{"line":0,"column":0},"skip":true},"47":{"start":{"line":0,"column":0},"end":{"line":0,"column":0},"skip":true},"48":{"end":{"line":27,"column":6},"start":{"line":27,"column":0}},"49":{"end":{"line":28,"column":0},"start":{"line":28,"column":0}}},"branchMap":{"1":{"line":3,"type":"binary-expr","locations":[{"start":{"line":0,"column":0},"end":{"line":0,"column":0},"skip":true},{"start":{"line":0,"column":0},"end":{"line":0,"column":0},"skip":true}]},"2":{"line":3,"type":"if","locations":[{"start":{"line":0,"column":0},"end":{"line":0,"column":0},"skip":true},{"start":{"line":0,"column":0},"end":{"line":0,"column":0},"skip":true}]},"3":{"line":3,"type":"if","locations":[{"start":{"line":0,"column":0},"end":{"line":0,"column":0},"skip":true},{"start":{"line":0,"column":0},"end":{"line":0,"column":0},"skip":true}]},"4":{"line":3,"type":"if","locations":[{"start":{"line":0,"column":0},"end":{"line":0,"column":0},"skip":true},{"start":{"line":0,"column":0},"end":{"line":0,"column":0},"skip":true}]},"5":{"line":19,"type":"cond-expr","locations":[{"start":{"line":0,"column":0},"end":{"line":0,"column":0},"skip":true},{"start":{"line":0,"column":0},"end":{"line":0,"column":0},"skip":true}]},"6":{"line":19,"type":"binary-expr","locations":[{"start":{"line":0,"column":0},"end":{"line":0,"column":0},"skip":true},{"start":{"line":0,"column":0},"end":{"line":0,"column":0},"skip":true}]},"7":{"line":21,"type":"if","locations":[{"start":{"line":0,"column":0},"end":{"line":0,"column":0},"skip":true},{"start":{"line":0,"column":0},"end":{"line":0,"column":0},"skip":true}]},"8":{"line":23,"type":"if","locations":[{"start":{"line":0,"column":0},"end":{"line":0,"column":0},"skip":true},{"start":{"line":0,"column":0},"end":{"line":0,"column":0},"skip":true}]},"9":{"line":23,"type":"cond-expr","locations":[{"start":{"line":0,"column":0},"end":{"line":0,"column":0},"skip":true},{"start":{"line":0,"column":0},"end":{"line":0,"column":0},"skip":true}]},"10":{"line":23,"type":"binary-expr","locations":[{"start":{"line":0,"column":0},"end":{"line":0,"column":0},"skip":true},{"start":{"line":0,"column":0},"end":{"line":0,"column":0},"skip":true},{"start":{"line":0,"column":0},"end":{"line":0,"column":0},"skip":true}]},"11":{"line":25,"type":"if","locations":[{"start":{"line":0,"column":0},"end":{"line":0,"column":0},"skip":true},{"start":{"line":0,"column":0},"end":{"line":0,"column":0},"skip":true}]},"12":{"line":25,"type":"binary-expr","locations":[{"start":{"line":0,"column":0},"end":{"line":0,"column":0},"skip":true},{"start":{"line":0,"column":0},"end":{"line":0,"column":0},"skip":true}]},"13":{"line":25,"type":"binary-expr","locations":[{"start":{"line":0,"column":0},"end":{"line":0,"column":0},"skip":true},{"start":{"line":0,"column":0},"end":{"line":0,"column":0},"skip":true}]},"14":{"line":25,"type":"if","locations":[{"start":{"line":0,"column":0},"end":{"line":0,"column":0},"skip":true},{"start":{"line":0,"column":0},"end":{"line":0,"column":0},"skip":true}]},"15":{"line":25,"type":"cond-expr","locations":[{"start":{"line":0,"column":0},"end":{"line":0,"column":0},"skip":true},{"start":{"line":0,"column":0},"end":{"line":0,"column":0},"skip":true}]}}}}